<?xml version="1.0" ?>
<!DOCTYPE coverage SYSTEM "http://cobertura.sourceforge.net/xml/coverage-04.dtd">
<coverage lines-valid="149" lines-covered="128" line-rate="0.8590000000000001" branches-valid="77" branches-covered="58" branch-rate="0.7532" timestamp="1762718780484" complexity="0" version="0.1">
  <sources>
    <source>C:\Users\usuario\Documents\tp7ingsoft3\frontend</source>
  </sources>
  <packages>
    <package name="src" line-rate="0.6825" branch-rate="0.5217">
      <classes>
        <class name="App.js" filename="src\App.js" line-rate="0.6825" branch-rate="0.5217">
          <methods>
            <method name="App" hits="19" signature="()V">
              <lines>
                <line number="18" hits="19"/>
              </lines>
            </method>
            <method name="(anonymous_1)" hits="6" signature="()V">
              <lines>
                <line number="24" hits="6"/>
              </lines>
            </method>
            <method name="(anonymous_2)" hits="0" signature="()V">
              <lines>
                <line number="28" hits="0"/>
              </lines>
            </method>
            <method name="(anonymous_3)" hits="7" signature="()V">
              <lines>
                <line number="33" hits="7"/>
              </lines>
            </method>
            <method name="(anonymous_4)" hits="7" signature="()V">
              <lines>
                <line number="51" hits="7"/>
              </lines>
            </method>
            <method name="(anonymous_5)" hits="3" signature="()V">
              <lines>
                <line number="56" hits="3"/>
              </lines>
            </method>
            <method name="(anonymous_6)" hits="1" signature="()V">
              <lines>
                <line number="63" hits="1"/>
              </lines>
            </method>
            <method name="(anonymous_7)" hits="2" signature="()V">
              <lines>
                <line number="73" hits="2"/>
              </lines>
            </method>
            <method name="(anonymous_8)" hits="0" signature="()V">
              <lines>
                <line number="83" hits="0"/>
              </lines>
            </method>
            <method name="(anonymous_9)" hits="2" signature="()V">
              <lines>
                <line number="89" hits="2"/>
              </lines>
            </method>
            <method name="(anonymous_10)" hits="1" signature="()V">
              <lines>
                <line number="98" hits="1"/>
              </lines>
            </method>
            <method name="(anonymous_11)" hits="0" signature="()V">
              <lines>
                <line number="105" hits="0"/>
              </lines>
            </method>
            <method name="(anonymous_12)" hits="0" signature="()V">
              <lines>
                <line number="109" hits="0"/>
              </lines>
            </method>
            <method name="(anonymous_13)" hits="0" signature="()V">
              <lines>
                <line number="109" hits="0"/>
              </lines>
            </method>
            <method name="(anonymous_14)" hits="0" signature="()V">
              <lines>
                <line number="115" hits="0"/>
              </lines>
            </method>
            <method name="(anonymous_15)" hits="0" signature="()V">
              <lines>
                <line number="118" hits="0"/>
              </lines>
            </method>
            <method name="(anonymous_16)" hits="0" signature="()V">
              <lines>
                <line number="118" hits="0"/>
              </lines>
            </method>
          </methods>
          <lines>
            <line number="16" hits="2" branch="false"/>
            <line number="19" hits="19" branch="false"/>
            <line number="20" hits="19" branch="false"/>
            <line number="21" hits="19" branch="false"/>
            <line number="22" hits="19" branch="false"/>
            <line number="24" hits="19" branch="true" condition-coverage="0% (0/1)"/>
            <line number="25" hits="6" branch="false"/>
            <line number="28" hits="19" branch="false"/>
            <line number="29" hits="0" branch="false"/>
            <line number="32" hits="19" branch="false"/>
            <line number="34" hits="7" branch="true" condition-coverage="100% (2/2)"/>
            <line number="35" hits="4" branch="false"/>
            <line number="36" hits="4" branch="false"/>
            <line number="38" hits="3" branch="false"/>
            <line number="39" hits="3" branch="false"/>
            <line number="40" hits="3" branch="false"/>
            <line number="41" hits="2" branch="true" condition-coverage="50% (1/2)"/>
            <line number="43" hits="1" branch="false"/>
            <line number="45" hits="3" branch="false"/>
            <line number="51" hits="19" branch="false"/>
            <line number="52" hits="7" branch="false"/>
            <line number="55" hits="19" branch="false"/>
            <line number="57" hits="3" branch="false"/>
            <line number="58" hits="3" branch="true" condition-coverage="50% (1/2)"/>
            <line number="63" hits="19" branch="false"/>
            <line number="64" hits="1" branch="false"/>
            <line number="65" hits="1" branch="false"/>
            <line number="66" hits="1" branch="true" condition-coverage="50% (1/2)"/>
            <line number="68" hits="0" branch="false"/>
            <line number="69" hits="0" branch="false"/>
            <line number="73" hits="19" branch="false"/>
            <line number="74" hits="2" branch="false"/>
            <line number="75" hits="2" branch="false"/>
            <line number="76" hits="2" branch="true" condition-coverage="50% (1/2)"/>
            <line number="78" hits="0" branch="false"/>
            <line number="79" hits="0" branch="false"/>
            <line number="83" hits="19" branch="false"/>
            <line number="84" hits="0" branch="false"/>
            <line number="85" hits="0" branch="false"/>
            <line number="86" hits="0" branch="false"/>
            <line number="89" hits="19" branch="false"/>
            <line number="90" hits="2" branch="true" condition-coverage="50% (1/2)"/>
            <line number="91" hits="0" branch="false"/>
            <line number="92" hits="0" branch="false"/>
            <line number="95" hits="2" branch="false"/>
            <line number="96" hits="2" branch="false"/>
            <line number="97" hits="1" branch="true" condition-coverage="50% (1/2)"/>
            <line number="98" hits="1" branch="false"/>
            <line number="99" hits="1" branch="false"/>
            <line number="101" hits="1" branch="false"/>
            <line number="105" hits="19" branch="false"/>
            <line number="106" hits="0" branch="false"/>
            <line number="107" hits="0" branch="false"/>
            <line number="108" hits="0" branch="true" condition-coverage="0% (0/2)"/>
            <line number="109" hits="0" branch="true" condition-coverage="0% (0/2)"/>
            <line number="111" hits="0" branch="false"/>
            <line number="115" hits="19" branch="false"/>
            <line number="116" hits="0" branch="false"/>
            <line number="117" hits="0" branch="false"/>
            <line number="118" hits="0" branch="false"/>
            <line number="119" hits="0" branch="false"/>
            <line number="121" hits="0" branch="false"/>
            <line number="125" hits="19" branch="false"/>
          </lines>
        </class>
      </classes>
    </package>
    <package name="src.components" line-rate="0.9841" branch-rate="0.8571">
      <classes>
        <class name="RegisterForm.jsx" filename="src\components\RegisterForm.jsx" line-rate="0.9687" branch-rate="0.9166">
          <methods>
            <method name="RegisterForm" hits="165" signature="()V">
              <lines>
                <line number="7" hits="165"/>
              </lines>
            </method>
            <method name="(anonymous_1)" hits="330" signature="()V">
              <lines>
                <line number="19" hits="330"/>
              </lines>
            </method>
            <method name="(anonymous_2)" hits="133" signature="()V">
              <lines>
                <line number="19" hits="133"/>
              </lines>
            </method>
            <method name="(anonymous_3)" hits="133" signature="()V">
              <lines>
                <line number="20" hits="133"/>
              </lines>
            </method>
            <method name="(anonymous_4)" hits="7" signature="()V">
              <lines>
                <line number="23" hits="7"/>
              </lines>
            </method>
            <method name="(anonymous_5)" hits="7" signature="()V">
              <lines>
                <line number="41" hits="7"/>
              </lines>
            </method>
            <method name="(anonymous_6)" hits="5" signature="()V">
              <lines>
                <line number="57" hits="5"/>
              </lines>
            </method>
            <method name="(anonymous_7)" hits="4" signature="()V">
              <lines>
                <line number="111" hits="4"/>
              </lines>
            </method>
            <method name="(anonymous_8)" hits="3" signature="()V">
              <lines>
                <line number="119" hits="3"/>
              </lines>
            </method>
          </methods>
          <lines>
            <line number="3" hits="3" branch="false"/>
            <line number="5" hits="3" branch="false"/>
            <line number="13" hits="165" branch="false"/>
            <line number="17" hits="165" branch="false"/>
            <line number="19" hits="330" branch="false"/>
            <line number="20" hits="133" branch="false"/>
            <line number="23" hits="165" branch="false"/>
            <line number="24" hits="7" branch="false"/>
            <line number="25" hits="7" branch="false"/>
            <line number="27" hits="7" branch="true" condition-coverage="100% (2/2)"/>
            <line number="28" hits="1" branch="false"/>
            <line number="29" hits="6" branch="true" condition-coverage="100% (2/2)"/>
            <line number="30" hits="1" branch="false"/>
            <line number="33" hits="7" branch="true" condition-coverage="100% (2/2)"/>
            <line number="34" hits="1" branch="false"/>
            <line number="37" hits="7" branch="false"/>
            <line number="38" hits="7" branch="false"/>
            <line number="41" hits="165" branch="false"/>
            <line number="42" hits="7" branch="true" condition-coverage="50% (1/2)"/>
            <line number="43" hits="0" branch="false"/>
            <line number="46" hits="7" branch="false"/>
            <line number="47" hits="7" branch="true" condition-coverage="100% (2/2)"/>
            <line number="48" hits="2" branch="false"/>
            <line number="51" hits="5" branch="false"/>
            <line number="52" hits="5" branch="true" condition-coverage="100% (4/4)"/>
            <line number="53" hits="2" branch="false"/>
            <line number="54" hits="3" branch="true" condition-coverage="75% (3/4)"/>
            <line number="55" hits="3" branch="false"/>
            <line number="57" hits="5" branch="false"/>
            <line number="60" hits="165" branch="false"/>
            <line number="111" hits="4" branch="false"/>
            <line number="119" hits="3" branch="false"/>
          </lines>
        </class>
        <class name="Toast.jsx" filename="src\components\Toast.jsx" line-rate="1" branch-rate="0.7142000000000001">
          <methods>
            <method name="Toast" hits="21" signature="()V">
              <lines>
                <line number="5" hits="21"/>
              </lines>
            </method>
            <method name="(anonymous_1)" hits="12" signature="()V">
              <lines>
                <line number="6" hits="12"/>
              </lines>
            </method>
            <method name="(anonymous_2)" hits="1" signature="()V">
              <lines>
                <line number="9" hits="1"/>
              </lines>
            </method>
            <method name="(anonymous_3)" hits="7" signature="()V">
              <lines>
                <line number="15" hits="7"/>
              </lines>
            </method>
          </methods>
          <lines>
            <line number="3" hits="3" branch="false"/>
            <line number="6" hits="21" branch="false"/>
            <line number="7" hits="12" branch="true" condition-coverage="100% (2/2)"/>
            <line number="9" hits="7" branch="false"/>
            <line number="10" hits="1" branch="true" condition-coverage="50% (1/2)"/>
            <line number="11" hits="1" branch="false"/>
            <line number="15" hits="7" branch="false"/>
            <line number="18" hits="21" branch="true" condition-coverage="100% (2/2)"/>
            <line number="19" hits="9" branch="false"/>
            <line number="22" hits="12" branch="false"/>
          </lines>
        </class>
        <class name="TodoForm.jsx" filename="src\components\TodoForm.jsx" line-rate="1" branch-rate="0.8571">
          <methods>
            <method name="TodoForm" hits="62" signature="()V">
              <lines>
                <line number="3" hits="62"/>
              </lines>
            </method>
            <method name="(anonymous_1)" hits="4" signature="()V">
              <lines>
                <line number="7" hits="4"/>
              </lines>
            </method>
            <method name="(anonymous_2)" hits="44" signature="()V">
              <lines>
                <line number="31" hits="44"/>
              </lines>
            </method>
          </methods>
          <lines>
            <line number="4" hits="62" branch="false"/>
            <line number="5" hits="62" branch="false"/>
            <line number="7" hits="62" branch="false"/>
            <line number="8" hits="4" branch="false"/>
            <line number="9" hits="4" branch="false"/>
            <line number="11" hits="4" branch="true" condition-coverage="100% (2/2)"/>
            <line number="12" hits="1" branch="false"/>
            <line number="13" hits="1" branch="false"/>
            <line number="16" hits="3" branch="false"/>
            <line number="17" hits="3" branch="true" condition-coverage="50% (1/2)"/>
            <line number="18" hits="3" branch="false"/>
            <line number="20" hits="3" branch="false"/>
            <line number="23" hits="62" branch="false"/>
            <line number="31" hits="44" branch="false"/>
          </lines>
        </class>
        <class name="TodoItem.jsx" filename="src\components\TodoItem.jsx" line-rate="1" branch-rate="0.5">
          <methods>
            <method name="TodoItem" hits="2" signature="()V">
              <lines>
                <line number="3" hits="2"/>
              </lines>
            </method>
            <method name="(anonymous_1)" hits="1" signature="()V">
              <lines>
                <line number="10" hits="1"/>
              </lines>
            </method>
            <method name="(anonymous_2)" hits="1" signature="()V">
              <lines>
                <line number="17" hits="1"/>
              </lines>
            </method>
          </methods>
          <lines>
            <line number="4" hits="2" branch="false"/>
            <line number="10" hits="1" branch="false"/>
            <line number="17" hits="1" branch="false"/>
          </lines>
        </class>
        <class name="TodoList.jsx" filename="src\components\TodoList.jsx" line-rate="1" branch-rate="1">
          <methods>
            <method name="TodoList" hits="10" signature="()V">
              <lines>
                <line number="4" hits="10"/>
              </lines>
            </method>
            <method name="(anonymous_1)" hits="2" signature="()V">
              <lines>
                <line number="11" hits="2"/>
              </lines>
            </method>
          </methods>
          <lines>
            <line number="5" hits="10" branch="true" condition-coverage="100% (2/2)"/>
            <line number="6" hits="8" branch="false"/>
            <line number="9" hits="2" branch="false"/>
            <line number="12" hits="2" branch="false"/>
          </lines>
        </class>
      </classes>
    </package>
    <package name="src.services" line-rate="1" branch-rate="0.8332999999999999">
      <classes>
        <class name="api.js" filename="src\services\api.js" line-rate="1" branch-rate="0.8332999999999999">
          <methods>
            <method name="handleResponse" hits="7" signature="()V">
              <lines>
                <line number="3" hits="7"/>
              </lines>
            </method>
            <method name="(anonymous_1)" hits="0" signature="()V">
              <lines>
                <line number="6" hits="0"/>
              </lines>
            </method>
            <method name="registerUser" hits="1" signature="()V">
              <lines>
                <line number="16" hits="1"/>
              </lines>
            </method>
            <method name="loginUser" hits="1" signature="()V">
              <lines>
                <line number="25" hits="1"/>
              </lines>
            </method>
            <method name="getTodos" hits="1" signature="()V">
              <lines>
                <line number="34" hits="1"/>
              </lines>
            </method>
            <method name="createTodo" hits="2" signature="()V">
              <lines>
                <line number="43" hits="2"/>
              </lines>
            </method>
            <method name="updateTodo" hits="1" signature="()V">
              <lines>
                <line number="52" hits="1"/>
              </lines>
            </method>
            <method name="deleteTodo" hits="1" signature="()V">
              <lines>
                <line number="61" hits="1"/>
              </lines>
            </method>
          </methods>
          <lines>
            <line number="1" hits="4" branch="true" condition-coverage="100% (2/2)"/>
            <line number="4" hits="7" branch="true" condition-coverage="50% (1/2)"/>
            <line number="5" hits="7" branch="false"/>
            <line number="6" hits="7" branch="true" condition-coverage="100% (2/2)"/>
            <line number="8" hits="7" branch="true" condition-coverage="100% (2/2)"/>
            <line number="9" hits="2" branch="true" condition-coverage="100% (2/2)"/>
            <line number="10" hits="2" branch="false"/>
            <line number="13" hits="5" branch="false"/>
            <line number="17" hits="1" branch="false"/>
            <line number="22" hits="1" branch="false"/>
            <line number="26" hits="1" branch="false"/>
            <line number="31" hits="1" branch="false"/>
            <line number="35" hits="1" branch="false"/>
            <line number="36" hits="1" branch="true" condition-coverage="50% (1/2)"/>
            <line number="37" hits="1" branch="false"/>
            <line number="39" hits="1" branch="false"/>
            <line number="40" hits="1" branch="false"/>
            <line number="44" hits="2" branch="false"/>
            <line number="49" hits="2" branch="false"/>
            <line number="53" hits="1" branch="false"/>
            <line number="58" hits="1" branch="false"/>
            <line number="62" hits="1" branch="false"/>
            <line number="65" hits="1" branch="false"/>
          </lines>
        </class>
      </classes>
    </package>
  </packages>
</coverage>
