TN:
SF:src\App.js
FN:18,App
FN:24,(anonymous_1)
FN:28,(anonymous_2)
FN:33,(anonymous_3)
FN:51,(anonymous_4)
FN:56,(anonymous_5)
FN:63,(anonymous_6)
FN:73,(anonymous_7)
FN:83,(anonymous_8)
FN:89,(anonymous_9)
FN:98,(anonymous_10)
FN:105,(anonymous_11)
FN:109,(anonymous_12)
FN:109,(anonymous_13)
FN:115,(anonymous_14)
FN:118,(anonymous_15)
FN:118,(anonymous_16)
FNF:17
FNH:9
FNDA:19,App
FNDA:6,(anonymous_1)
FNDA:0,(anonymous_2)
FNDA:7,(anonymous_3)
FNDA:7,(anonymous_4)
FNDA:3,(anonymous_5)
FNDA:1,(anonymous_6)
FNDA:2,(anonymous_7)
FNDA:0,(anonymous_8)
FNDA:2,(anonymous_9)
FNDA:1,(anonymous_10)
FNDA:0,(anonymous_11)
FNDA:0,(anonymous_12)
FNDA:0,(anonymous_13)
FNDA:0,(anonymous_14)
FNDA:0,(anonymous_15)
FNDA:0,(anonymous_16)
DA:16,2
DA:19,19
DA:20,19
DA:21,19
DA:22,19
DA:24,19
DA:25,6
DA:28,19
DA:29,0
DA:32,19
DA:34,7
DA:35,4
DA:36,4
DA:38,3
DA:39,3
DA:40,3
DA:41,2
DA:43,1
DA:45,3
DA:51,19
DA:52,7
DA:55,19
DA:57,3
DA:58,3
DA:63,19
DA:64,1
DA:65,1
DA:66,1
DA:68,0
DA:69,0
DA:73,19
DA:74,2
DA:75,2
DA:76,2
DA:78,0
DA:79,0
DA:83,19
DA:84,0
DA:85,0
DA:86,0
DA:89,19
DA:90,2
DA:91,0
DA:92,0
DA:95,2
DA:96,2
DA:97,1
DA:98,1
DA:99,1
DA:101,1
DA:105,19
DA:106,0
DA:107,0
DA:108,0
DA:109,0
DA:111,0
DA:115,19
DA:116,0
DA:117,0
DA:118,0
DA:119,0
DA:121,0
DA:125,19
LF:63
LH:43
BRDA:24,0,0,0
BRDA:34,1,0,4
BRDA:34,1,1,3
BRDA:41,2,0,2
BRDA:41,2,1,0
BRDA:58,3,0,3
BRDA:58,3,1,0
BRDA:66,4,0,1
BRDA:66,4,1,0
BRDA:76,5,0,2
BRDA:76,5,1,0
BRDA:90,6,0,0
BRDA:90,6,1,2
BRDA:97,7,0,1
BRDA:97,7,1,0
BRDA:108,8,0,0
BRDA:108,8,1,0
BRDA:109,9,0,0
BRDA:109,9,1,0
BRDA:140,10,0,11
BRDA:140,10,1,8
BRDA:159,11,0,3
BRDA:159,11,1,8
BRF:23
BRH:12
end_of_record
TN:
SF:src\components\RegisterForm.jsx
FN:7,RegisterForm
FN:19,(anonymous_1)
FN:19,(anonymous_2)
FN:20,(anonymous_3)
FN:23,(anonymous_4)
FN:41,(anonymous_5)
FN:57,(anonymous_6)
FN:111,(anonymous_7)
FN:119,(anonymous_8)
FNF:9
FNH:9
FNDA:165,RegisterForm
FNDA:330,(anonymous_1)
FNDA:133,(anonymous_2)
FNDA:133,(anonymous_3)
FNDA:7,(anonymous_4)
FNDA:7,(anonymous_5)
FNDA:5,(anonymous_6)
FNDA:4,(anonymous_7)
FNDA:3,(anonymous_8)
DA:3,3
DA:5,3
DA:13,165
DA:17,165
DA:19,330
DA:20,133
DA:23,165
DA:24,7
DA:25,7
DA:27,7
DA:28,1
DA:29,6
DA:30,1
DA:33,7
DA:34,1
DA:37,7
DA:38,7
DA:41,165
DA:42,7
DA:43,0
DA:46,7
DA:47,7
DA:48,2
DA:51,5
DA:52,5
DA:53,2
DA:54,3
DA:55,3
DA:57,5
DA:60,165
DA:111,4
DA:119,3
LF:32
LH:31
BRDA:10,0,0,74
BRDA:11,1,0,74
BRDA:27,2,0,1
BRDA:27,2,1,6
BRDA:29,3,0,1
BRDA:29,3,1,5
BRDA:33,4,0,1
BRDA:33,4,1,6
BRDA:42,5,0,0
BRDA:42,5,1,7
BRDA:47,6,0,2
BRDA:47,6,1,5
BRDA:52,7,0,2
BRDA:52,7,1,3
BRDA:52,8,0,5
BRDA:52,8,1,2
BRDA:54,9,0,3
BRDA:54,9,1,0
BRDA:54,10,0,3
BRDA:54,10,1,3
BRDA:82,11,0,165
BRDA:82,11,1,2
BRDA:99,12,0,165
BRDA:99,12,1,1
BRF:24
BRH:22
end_of_record
TN:
SF:src\components\Toast.jsx
FN:5,Toast
FN:6,(anonymous_1)
FN:9,(anonymous_2)
FN:15,(anonymous_3)
FNF:4
FNH:4
FNDA:21,Toast
FNDA:12,(anonymous_1)
FNDA:1,(anonymous_2)
FNDA:7,(anonymous_3)
DA:3,3
DA:6,21
DA:7,12
DA:9,7
DA:10,1
DA:11,1
DA:15,7
DA:18,21
DA:19,9
DA:22,12
LF:10
LH:10
BRDA:5,0,0,0
BRDA:7,1,0,5
BRDA:7,1,1,7
BRDA:10,2,0,1
BRDA:10,2,1,0
BRDA:18,3,0,9
BRDA:18,3,1,12
BRF:7
BRH:5
end_of_record
TN:
SF:src\components\TodoForm.jsx
FN:3,TodoForm
FN:7,(anonymous_1)
FN:31,(anonymous_2)
FNF:3
FNH:3
FNDA:62,TodoForm
FNDA:4,(anonymous_1)
FNDA:44,(anonymous_2)
DA:4,62
DA:5,62
DA:7,62
DA:8,4
DA:9,4
DA:11,4
DA:12,1
DA:13,1
DA:16,3
DA:17,3
DA:18,3
DA:20,3
DA:23,62
DA:31,44
LF:14
LH:14
BRDA:3,0,0,20
BRDA:11,1,0,1
BRDA:11,1,1,3
BRDA:17,2,0,3
BRDA:17,2,1,0
BRDA:39,3,0,62
BRDA:39,3,1,1
BRF:7
BRH:6
end_of_record
TN:
SF:src\components\TodoItem.jsx
FN:3,TodoItem
FN:10,(anonymous_1)
FN:17,(anonymous_2)
FNF:3
FNH:3
FNDA:2,TodoItem
FNDA:1,(anonymous_1)
FNDA:1,(anonymous_2)
DA:4,2
DA:10,1
DA:17,1
LF:3
LH:3
BRDA:13,0,0,0
BRDA:13,0,1,2
BRF:2
BRH:1
end_of_record
TN:
SF:src\components\TodoList.jsx
FN:4,TodoList
FN:11,(anonymous_1)
FNF:2
FNH:2
FNDA:10,TodoList
FNDA:2,(anonymous_1)
DA:5,10
DA:6,8
DA:9,2
DA:12,2
LF:4
LH:4
BRDA:5,0,0,8
BRDA:5,0,1,2
BRF:2
BRH:2
end_of_record
TN:
SF:src\services\api.js
FN:3,handleResponse
FN:6,(anonymous_1)
FN:16,registerUser
FN:25,loginUser
FN:34,getTodos
FN:43,createTodo
FN:52,updateTodo
FN:61,deleteTodo
FNF:8
FNH:7
FNDA:7,handleResponse
FNDA:0,(anonymous_1)
FNDA:1,registerUser
FNDA:1,loginUser
FNDA:1,getTodos
FNDA:2,createTodo
FNDA:1,updateTodo
FNDA:1,deleteTodo
DA:1,4
DA:4,7
DA:5,7
DA:6,7
DA:8,7
DA:9,2
DA:10,2
DA:13,5
DA:17,1
DA:22,1
DA:26,1
DA:31,1
DA:35,1
DA:36,1
DA:37,1
DA:39,1
DA:40,1
DA:44,2
DA:49,2
DA:53,1
DA:58,1
DA:62,1
DA:65,1
LF:23
LH:23
BRDA:1,0,0,4
BRDA:1,0,1,4
BRDA:4,1,0,7
BRDA:4,1,1,0
BRDA:6,2,0,6
BRDA:6,2,1,1
BRDA:8,3,0,2
BRDA:8,3,1,5
BRDA:9,4,0,2
BRDA:9,4,1,1
BRDA:36,5,0,1
BRDA:36,5,1,0
BRF:12
BRH:10
end_of_record
